Determining if the include file pthread.h exists passed with the following output:
Change Dir: /home/maciek/Dokumenty/Theory_and_Methods_of_Optimization/Theory_and_Methods_of_Optimization/Aplikacja/Solver/build/CMakeFiles/CMakeTmp

Run Build Command:"/usr/bin/make" "cmTC_2157f/fast"
/usr/bin/make -f CMakeFiles/cmTC_2157f.dir/build.make CMakeFiles/cmTC_2157f.dir/build
make[1]: Wejście do katalogu '/home/maciek/Dokumenty/Theory_and_Methods_of_Optimization/Theory_and_Methods_of_Optimization/Aplikacja/Solver/build/CMakeFiles/CMakeTmp'
Building C object CMakeFiles/cmTC_2157f.dir/CheckIncludeFile.c.o
/usr/bin/cc    -o CMakeFiles/cmTC_2157f.dir/CheckIncludeFile.c.o   -c /home/maciek/Dokumenty/Theory_and_Methods_of_Optimization/Theory_and_Methods_of_Optimization/Aplikacja/Solver/build/CMakeFiles/CMakeTmp/CheckIncludeFile.c
Linking C executable cmTC_2157f
/home/maciek/Clion/bin/cmake/linux/bin/cmake -E cmake_link_script CMakeFiles/cmTC_2157f.dir/link.txt --verbose=1
/usr/bin/cc      CMakeFiles/cmTC_2157f.dir/CheckIncludeFile.c.o  -o cmTC_2157f 
make[1]: Opuszczenie katalogu '/home/maciek/Dokumenty/Theory_and_Methods_of_Optimization/Theory_and_Methods_of_Optimization/Aplikacja/Solver/build/CMakeFiles/CMakeTmp'


Determining if the function pthread_create exists in the pthread passed with the following output:
Change Dir: /home/maciek/Dokumenty/Theory_and_Methods_of_Optimization/Theory_and_Methods_of_Optimization/Aplikacja/Solver/build/CMakeFiles/CMakeTmp

Run Build Command:"/usr/bin/make" "cmTC_50e90/fast"
/usr/bin/make -f CMakeFiles/cmTC_50e90.dir/build.make CMakeFiles/cmTC_50e90.dir/build
make[1]: Wejście do katalogu '/home/maciek/Dokumenty/Theory_and_Methods_of_Optimization/Theory_and_Methods_of_Optimization/Aplikacja/Solver/build/CMakeFiles/CMakeTmp'
Building C object CMakeFiles/cmTC_50e90.dir/CheckFunctionExists.c.o
/usr/bin/cc   -DCHECK_FUNCTION_EXISTS=pthread_create   -o CMakeFiles/cmTC_50e90.dir/CheckFunctionExists.c.o   -c /home/maciek/Clion/bin/cmake/linux/share/cmake-3.12/Modules/CheckFunctionExists.c
Linking C executable cmTC_50e90
/home/maciek/Clion/bin/cmake/linux/bin/cmake -E cmake_link_script CMakeFiles/cmTC_50e90.dir/link.txt --verbose=1
/usr/bin/cc  -DCHECK_FUNCTION_EXISTS=pthread_create    CMakeFiles/cmTC_50e90.dir/CheckFunctionExists.c.o  -o cmTC_50e90 -lpthread 
make[1]: Opuszczenie katalogu '/home/maciek/Dokumenty/Theory_and_Methods_of_Optimization/Theory_and_Methods_of_Optimization/Aplikacja/Solver/build/CMakeFiles/CMakeTmp'


